{"/Users/richasundrani/Desktop/Workspace/JOB/Inteview-Prep/Concepts/Unit Testing/JEST/anagram.js": {"path":"/Users/richasundrani/Desktop/Workspace/JOB/Inteview-Prep/Concepts/Unit Testing/JEST/anagram.js","statementMap":{"0":{"start":{"line":2,"column":4},"end":{"line":2,"column":47}},"1":{"start":{"line":7,"column":4},"end":{"line":12,"column":18}},"2":{"start":{"line":15,"column":0},"end":{"line":15,"column":27}}},"fnMap":{"0":{"name":"isAnagram","decl":{"start":{"line":1,"column":9},"end":{"line":1,"column":18}},"loc":{"start":{"line":1,"column":31},"end":{"line":3,"column":1}},"line":1},"1":{"name":"formatStr","decl":{"start":{"line":6,"column":9},"end":{"line":6,"column":18}},"loc":{"start":{"line":6,"column":24},"end":{"line":13,"column":1}},"line":6}},"branchMap":{},"s":{"0":3,"1":6,"2":1},"f":{"0":3,"1":6},"b":{},"_coverageSchema":"1a1c01bbd47fc00a2c39e90264f33305004495a9","hash":"ed01ab42d37c71356a5f47b53d7f6d7e6b447e1a"}
,"/Users/richasundrani/Desktop/Workspace/JOB/Inteview-Prep/Concepts/Unit Testing/JEST/array_chunk.js": {"path":"/Users/richasundrani/Desktop/Workspace/JOB/Inteview-Prep/Concepts/Unit Testing/JEST/array_chunk.js","statementMap":{"0":{"start":{"line":1,"column":21},"end":{"line":19,"column":1}},"1":{"start":{"line":3,"column":23},"end":{"line":3,"column":25}},"2":{"start":{"line":6,"column":4},"end":{"line":16,"column":7}},"3":{"start":{"line":8,"column":21},"end":{"line":8,"column":54}},"4":{"start":{"line":11,"column":8},"end":{"line":15,"column":9}},"5":{"start":{"line":12,"column":12},"end":{"line":12,"column":35}},"6":{"start":{"line":14,"column":12},"end":{"line":14,"column":27}},"7":{"start":{"line":18,"column":4},"end":{"line":18,"column":22}},"8":{"start":{"line":21,"column":0},"end":{"line":21,"column":30}}},"fnMap":{"0":{"name":"(anonymous_0)","decl":{"start":{"line":1,"column":21},"end":{"line":1,"column":22}},"loc":{"start":{"line":1,"column":35},"end":{"line":19,"column":1}},"line":1},"1":{"name":"(anonymous_1)","decl":{"start":{"line":6,"column":16},"end":{"line":6,"column":17}},"loc":{"start":{"line":6,"column":23},"end":{"line":16,"column":5}},"line":6}},"branchMap":{"0":{"loc":{"start":{"line":11,"column":8},"end":{"line":15,"column":9}},"type":"if","locations":[{"start":{"line":11,"column":8},"end":{"line":15,"column":9}},{"start":{"line":11,"column":8},"end":{"line":15,"column":9}}],"line":11},"1":{"loc":{"start":{"line":11,"column":12},"end":{"line":11,"column":40}},"type":"binary-expr","locations":[{"start":{"line":11,"column":12},"end":{"line":11,"column":17}},{"start":{"line":11,"column":21},"end":{"line":11,"column":40}}],"line":11}},"s":{"0":1,"1":1,"2":1,"3":10,"4":10,"5":5,"6":5,"7":1,"8":1},"f":{"0":1,"1":10},"b":{"0":[5,5],"1":[10,9]},"_coverageSchema":"1a1c01bbd47fc00a2c39e90264f33305004495a9","hash":"7a93a420b79164ecb3f56879bc57b120ef5f6d0e"}
,"/Users/richasundrani/Desktop/Workspace/JOB/Inteview-Prep/Concepts/Unit Testing/JEST/functions.js": {"path":"/Users/richasundrani/Desktop/Workspace/JOB/Inteview-Prep/Concepts/Unit Testing/JEST/functions.js","statementMap":{"0":{"start":{"line":1,"column":27},"end":{"line":1,"column":43}},"1":{"start":{"line":3,"column":18},"end":{"line":16,"column":1}},"2":{"start":{"line":4,"column":21},"end":{"line":4,"column":28}},"3":{"start":{"line":5,"column":18},"end":{"line":5,"column":22}},"4":{"start":{"line":6,"column":23},"end":{"line":6,"column":24}},"5":{"start":{"line":8,"column":21},"end":{"line":11,"column":9}},"6":{"start":{"line":12,"column":8},"end":{"line":12,"column":20}},"7":{"start":{"line":14,"column":21},"end":{"line":14,"column":118}},"8":{"start":{"line":14,"column":91},"end":{"line":14,"column":99}},"9":{"start":{"line":14,"column":114},"end":{"line":14,"column":117}},"10":{"start":{"line":18,"column":0},"end":{"line":18,"column":27}}},"fnMap":{"0":{"name":"(anonymous_0)","decl":{"start":{"line":4,"column":9},"end":{"line":4,"column":10}},"loc":{"start":{"line":4,"column":21},"end":{"line":4,"column":28}},"line":4},"1":{"name":"(anonymous_1)","decl":{"start":{"line":5,"column":12},"end":{"line":5,"column":13}},"loc":{"start":{"line":5,"column":18},"end":{"line":5,"column":22}},"line":5},"2":{"name":"(anonymous_2)","decl":{"start":{"line":6,"column":16},"end":{"line":6,"column":17}},"loc":{"start":{"line":6,"column":23},"end":{"line":6,"column":24}},"line":6},"3":{"name":"(anonymous_3)","decl":{"start":{"line":7,"column":16},"end":{"line":7,"column":17}},"loc":{"start":{"line":7,"column":22},"end":{"line":13,"column":5}},"line":7},"4":{"name":"(anonymous_4)","decl":{"start":{"line":14,"column":15},"end":{"line":14,"column":16}},"loc":{"start":{"line":14,"column":21},"end":{"line":14,"column":118}},"line":14},"5":{"name":"(anonymous_5)","decl":{"start":{"line":14,"column":84},"end":{"line":14,"column":85}},"loc":{"start":{"line":14,"column":91},"end":{"line":14,"column":99}},"line":14},"6":{"name":"(anonymous_6)","decl":{"start":{"line":14,"column":107},"end":{"line":14,"column":108}},"loc":{"start":{"line":14,"column":114},"end":{"line":14,"column":117}},"line":14}},"branchMap":{},"s":{"0":1,"1":1,"2":2,"3":1,"4":1,"5":1,"6":1,"7":2,"8":2,"9":0,"10":1},"f":{"0":2,"1":1,"2":1,"3":1,"4":2,"5":2,"6":0},"b":{},"_coverageSchema":"1a1c01bbd47fc00a2c39e90264f33305004495a9","hash":"aa2f7a2fc8c82bd4810245d6cb731a031ae30c75"}
,"/Users/richasundrani/Desktop/Workspace/JOB/Inteview-Prep/Concepts/Unit Testing/JEST/reverese_string.js": {"path":"/Users/richasundrani/Desktop/Workspace/JOB/Inteview-Prep/Concepts/Unit Testing/JEST/reverese_string.js","statementMap":{"0":{"start":{"line":2,"column":22},"end":{"line":4,"column":1}},"1":{"start":{"line":3,"column":4},"end":{"line":3,"column":58}},"2":{"start":{"line":6,"column":0},"end":{"line":6,"column":31}}},"fnMap":{"0":{"name":"(anonymous_0)","decl":{"start":{"line":2,"column":22},"end":{"line":2,"column":23}},"loc":{"start":{"line":2,"column":31},"end":{"line":4,"column":1}},"line":2}},"branchMap":{},"s":{"0":1,"1":1,"2":1},"f":{"0":1},"b":{},"_coverageSchema":"1a1c01bbd47fc00a2c39e90264f33305004495a9","hash":"a61fdccd8d3a413e2681a8c34556c0b142630b14"}
}
