TN:
SF:anagram.js
FN:1,isAnagram
FN:6,formatStr
FNF:2
FNH:2
FNDA:3,isAnagram
FNDA:6,formatStr
DA:2,3
DA:7,6
DA:15,1
LF:3
LH:3
BRF:0
BRH:0
end_of_record
TN:
SF:array_chunk.js
FN:1,(anonymous_0)
FN:6,(anonymous_1)
FNF:2
FNH:2
FNDA:1,(anonymous_0)
FNDA:10,(anonymous_1)
DA:1,1
DA:3,1
DA:6,1
DA:8,10
DA:11,10
DA:12,5
DA:14,5
DA:18,1
DA:21,1
LF:9
LH:9
BRDA:11,0,0,5
BRDA:11,0,1,5
BRDA:11,1,0,10
BRDA:11,1,1,9
BRF:4
BRH:4
end_of_record
TN:
SF:functions.js
FN:4,(anonymous_0)
FN:5,(anonymous_1)
FN:6,(anonymous_2)
FN:7,(anonymous_3)
FN:14,(anonymous_4)
FN:14,(anonymous_5)
FN:14,(anonymous_6)
FNF:7
FNH:6
FNDA:2,(anonymous_0)
FNDA:1,(anonymous_1)
FNDA:1,(anonymous_2)
FNDA:1,(anonymous_3)
FNDA:2,(anonymous_4)
FNDA:2,(anonymous_5)
FNDA:0,(anonymous_6)
DA:1,1
DA:3,1
DA:4,2
DA:5,1
DA:6,1
DA:8,1
DA:12,1
DA:14,2
DA:18,1
LF:9
LH:9
BRF:0
BRH:0
end_of_record
TN:
SF:reverese_string.js
FN:2,(anonymous_0)
FNF:1
FNH:1
FNDA:1,(anonymous_0)
DA:2,1
DA:3,1
DA:6,1
LF:3
LH:3
BRF:0
BRH:0
end_of_record
